app/build/intermediates/manifest_merge_blame_file/debug/processDebugMainManifest/manifest-merger-blame-debug-report.txt
1<?xml version="1.0" encoding="utf-8"?>
2<manifest xmlns:android="http://schemas.android.com/apk/res/android"
3    package="com.aitask.android"
4    android:versionCode="1"
5    android:versionName="1.0" >
6
7    <uses-sdk
8        android:minSdkVersion="24"
9        android:targetSdkVersion="35" />
10
11    <uses-permission android:name="android.permission.INTERNET" />
11-->src/main/AndroidManifest.xml:4:5-67
11-->src/main/AndroidManifest.xml:4:22-64
12    <uses-permission android:name="android.permission.POST_NOTIFICATIONS" />
12-->src/main/AndroidManifest.xml:5:5-77
12-->src/main/AndroidManifest.xml:5:22-74
13    <uses-permission android:name="android.permission.ACCESS_NETWORK_STATE" /> <!-- Used to check if a browser is available before launching phone auth -->
13-->[com.firebaseui:firebase-ui-auth:8.0.2] AndroidManifest.xml:10:5-79
13-->[com.firebaseui:firebase-ui-auth:8.0.2] AndroidManifest.xml:10:22-76
14    <!-- See ui/phone/PhoneNumberVerificationHandler.isBrowserAvailable() -->
15    <queries>
15-->[com.firebaseui:firebase-ui-auth:8.0.2] AndroidManifest.xml:15:5-23:15
16        <intent>
16-->[com.firebaseui:firebase-ui-auth:8.0.2] AndroidManifest.xml:16:9-22:18
17            <action android:name="android.intent.action.VIEW" />
17-->[com.firebaseui:firebase-ui-auth:8.0.2] AndroidManifest.xml:17:13-65
17-->[com.firebaseui:firebase-ui-auth:8.0.2] AndroidManifest.xml:17:21-62
18
19            <category android:name="android.intent.category.BROWSABLE" />
19-->[com.firebaseui:firebase-ui-auth:8.0.2] AndroidManifest.xml:19:13-74
19-->[com.firebaseui:firebase-ui-auth:8.0.2] AndroidManifest.xml:19:23-71
20
21            <data android:scheme="http" />
21-->[com.firebaseui:firebase-ui-auth:8.0.2] AndroidManifest.xml:21:13-43
21-->[com.firebaseui:firebase-ui-auth:8.0.2] AndroidManifest.xml:21:19-40
22        </intent>
23    </queries>
24
25    <uses-permission android:name="android.permission.WAKE_LOCK" /> <!-- Required by older versions of Google Play services to create IID tokens -->
25-->[com.google.firebase:firebase-messaging:23.4.1] AndroidManifest.xml:24:5-68
25-->[com.google.firebase:firebase-messaging:23.4.1] AndroidManifest.xml:24:22-65
26    <uses-permission android:name="com.google.android.c2dm.permission.RECEIVE" />
26-->[com.google.firebase:firebase-messaging:23.4.1] AndroidManifest.xml:26:5-82
26-->[com.google.firebase:firebase-messaging:23.4.1] AndroidManifest.xml:26:22-79
27    <uses-permission android:name="com.google.android.providers.gsf.permission.READ_GSERVICES" />
27-->[com.google.android.recaptcha:recaptcha:18.4.0] AndroidManifest.xml:9:5-98
27-->[com.google.android.recaptcha:recaptcha:18.4.0] AndroidManifest.xml:9:22-95
28
29    <permission
29-->[androidx.core:core:1.13.1] AndroidManifest.xml:22:5-24:47
30        android:name="com.aitask.android.DYNAMIC_RECEIVER_NOT_EXPORTED_PERMISSION"
30-->[androidx.core:core:1.13.1] AndroidManifest.xml:23:9-81
31        android:protectionLevel="signature" />
31-->[androidx.core:core:1.13.1] AndroidManifest.xml:24:9-44
32
33    <uses-permission android:name="com.aitask.android.DYNAMIC_RECEIVER_NOT_EXPORTED_PERMISSION" />
33-->[androidx.core:core:1.13.1] AndroidManifest.xml:26:5-97
33-->[androidx.core:core:1.13.1] AndroidManifest.xml:26:22-94
34
35    <application
35-->src/main/AndroidManifest.xml:7:5-36:19
36        android:allowBackup="true"
36-->src/main/AndroidManifest.xml:8:9-35
37        android:appComponentFactory="androidx.core.app.CoreComponentFactory"
37-->[androidx.core:core:1.13.1] AndroidManifest.xml:28:18-86
38        android:debuggable="true"
39        android:extractNativeLibs="false"
40        android:icon="@mipmap/ic_launcher"
40-->src/main/AndroidManifest.xml:9:9-43
41        android:label="@string/app_name"
41-->src/main/AndroidManifest.xml:10:9-41
42        android:roundIcon="@mipmap/ic_launcher_round"
42-->src/main/AndroidManifest.xml:11:9-54
43        android:supportsRtl="true"
43-->src/main/AndroidManifest.xml:12:9-35
44        android:testOnly="true"
45        android:theme="@style/Theme.TaskMindApp" >
45-->src/main/AndroidManifest.xml:13:9-49
46        <activity
46-->src/main/AndroidManifest.xml:14:9-17:20
47            android:name="com.taskmind.app.MainActivity"
47-->src/main/AndroidManifest.xml:15:13-41
48            android:exported="true" >
48-->src/main/AndroidManifest.xml:16:13-36
49        </activity>
50        <activity
50-->src/main/AndroidManifest.xml:18:9-25:20
51            android:name="com.taskmind.app.ui.LoginActivity"
51-->src/main/AndroidManifest.xml:19:13-45
52            android:exported="true" >
52-->src/main/AndroidManifest.xml:20:13-36
53            <intent-filter>
53-->src/main/AndroidManifest.xml:21:13-24:29
54                <action android:name="android.intent.action.MAIN" />
54-->src/main/AndroidManifest.xml:22:17-69
54-->src/main/AndroidManifest.xml:22:25-66
55
56                <category android:name="android.intent.category.LAUNCHER" />
56-->src/main/AndroidManifest.xml:23:17-77
56-->src/main/AndroidManifest.xml:23:27-74
57            </intent-filter>
58        </activity>
59        <activity android:name="com.taskmind.app.ui.RegisterActivity" />
59-->src/main/AndroidManifest.xml:26:9-57
59-->src/main/AndroidManifest.xml:26:19-54
60        <activity android:name="com.taskmind.app.ui.AIChatActivity" />
60-->src/main/AndroidManifest.xml:27:9-55
60-->src/main/AndroidManifest.xml:27:19-52
61
62        <service
62-->src/main/AndroidManifest.xml:29:9-35:19
63            android:name="com.taskmind.app.service.MyFirebaseMessagingService"
63-->src/main/AndroidManifest.xml:30:13-63
64            android:exported="false" >
64-->src/main/AndroidManifest.xml:31:13-37
65            <intent-filter>
65-->src/main/AndroidManifest.xml:32:13-34:29
66                <action android:name="com.google.firebase.MESSAGING_EVENT" />
66-->src/main/AndroidManifest.xml:33:17-78
66-->src/main/AndroidManifest.xml:33:25-75
67            </intent-filter>
68        </service>
69
70        <meta-data
70-->[com.firebaseui:firebase-ui-auth:8.0.2] AndroidManifest.xml:26:9-28:69
71            android:name="com.google.android.gms.version"
71-->[com.firebaseui:firebase-ui-auth:8.0.2] AndroidManifest.xml:27:13-58
72            android:value="@integer/google_play_services_version" />
72-->[com.firebaseui:firebase-ui-auth:8.0.2] AndroidManifest.xml:28:13-66
73        <meta-data
73-->[com.firebaseui:firebase-ui-auth:8.0.2] AndroidManifest.xml:29:9-31:63
74            android:name="com.facebook.sdk.ApplicationId"
74-->[com.firebaseui:firebase-ui-auth:8.0.2] AndroidManifest.xml:30:13-58
75            android:value="@string/facebook_application_id" />
75-->[com.firebaseui:firebase-ui-auth:8.0.2] AndroidManifest.xml:31:13-60
76
77        <activity
77-->[com.firebaseui:firebase-ui-auth:8.0.2] AndroidManifest.xml:33:9-37:61
78            android:name="com.firebase.ui.auth.KickoffActivity"
78-->[com.firebaseui:firebase-ui-auth:8.0.2] AndroidManifest.xml:34:13-64
79            android:exported="false"
79-->[com.firebaseui:firebase-ui-auth:8.0.2] AndroidManifest.xml:35:13-37
80            android:label=""
80-->[com.firebaseui:firebase-ui-auth:8.0.2] AndroidManifest.xml:36:13-29
81            android:theme="@style/FirebaseUI.Transparent" />
81-->[com.firebaseui:firebase-ui-auth:8.0.2] AndroidManifest.xml:37:13-58
82        <activity
82-->[com.firebaseui:firebase-ui-auth:8.0.2] AndroidManifest.xml:38:9-42:61
83            android:name="com.firebase.ui.auth.ui.idp.SingleSignInActivity"
83-->[com.firebaseui:firebase-ui-auth:8.0.2] AndroidManifest.xml:39:13-76
84            android:exported="false"
84-->[com.firebaseui:firebase-ui-auth:8.0.2] AndroidManifest.xml:40:13-37
85            android:label=""
85-->[com.firebaseui:firebase-ui-auth:8.0.2] AndroidManifest.xml:41:13-29
86            android:theme="@style/FirebaseUI.Transparent" />
86-->[com.firebaseui:firebase-ui-auth:8.0.2] AndroidManifest.xml:42:13-58
87        <activity
87-->[com.firebaseui:firebase-ui-auth:8.0.2] AndroidManifest.xml:43:9-47:61
88            android:name="com.firebase.ui.auth.ui.credentials.CredentialSaveActivity"
88-->[com.firebaseui:firebase-ui-auth:8.0.2] AndroidManifest.xml:44:13-86
89            android:exported="false"
89-->[com.firebaseui:firebase-ui-auth:8.0.2] AndroidManifest.xml:45:13-37
90            android:label=""
90-->[com.firebaseui:firebase-ui-auth:8.0.2] AndroidManifest.xml:46:13-29
91            android:theme="@style/FirebaseUI.Transparent" />
91-->[com.firebaseui:firebase-ui-auth:8.0.2] AndroidManifest.xml:47:13-58
92        <activity
92-->[com.firebaseui:firebase-ui-auth:8.0.2] AndroidManifest.xml:48:9-52:58
93            android:name="com.firebase.ui.auth.ui.email.RecoverPasswordActivity"
93-->[com.firebaseui:firebase-ui-auth:8.0.2] AndroidManifest.xml:49:13-81
94            android:exported="false"
94-->[com.firebaseui:firebase-ui-auth:8.0.2] AndroidManifest.xml:50:13-37
95            android:label="@string/fui_title_recover_password_activity"
95-->[com.firebaseui:firebase-ui-auth:8.0.2] AndroidManifest.xml:51:13-72
96            android:windowSoftInputMode="adjustResize" />
96-->[com.firebaseui:firebase-ui-auth:8.0.2] AndroidManifest.xml:52:13-55
97        <activity
97-->[com.firebaseui:firebase-ui-auth:8.0.2] AndroidManifest.xml:53:9-57:58
98            android:name="com.firebase.ui.auth.ui.email.EmailActivity"
98-->[com.firebaseui:firebase-ui-auth:8.0.2] AndroidManifest.xml:54:13-71
99            android:exported="false"
99-->[com.firebaseui:firebase-ui-auth:8.0.2] AndroidManifest.xml:55:13-37
100            android:label="@string/fui_sign_in_default"
100-->[com.firebaseui:firebase-ui-auth:8.0.2] AndroidManifest.xml:56:13-56
101            android:windowSoftInputMode="adjustResize" />
101-->[com.firebaseui:firebase-ui-auth:8.0.2] AndroidManifest.xml:57:13-55
102        <activity
102-->[com.firebaseui:firebase-ui-auth:8.0.2] AndroidManifest.xml:58:9-62:77
103            android:name="com.firebase.ui.auth.ui.phone.PhoneActivity"
103-->[com.firebaseui:firebase-ui-auth:8.0.2] AndroidManifest.xml:59:13-71
104            android:exported="false"
104-->[com.firebaseui:firebase-ui-auth:8.0.2] AndroidManifest.xml:60:13-37
105            android:label="@string/fui_sign_in_with_phone_number"
105-->[com.firebaseui:firebase-ui-auth:8.0.2] AndroidManifest.xml:61:13-66
106            android:windowSoftInputMode="adjustResize|stateAlwaysVisible" />
106-->[com.firebaseui:firebase-ui-auth:8.0.2] AndroidManifest.xml:62:13-74
107        <activity
107-->[com.firebaseui:firebase-ui-auth:8.0.2] AndroidManifest.xml:63:9-67:58
108            android:name="com.firebase.ui.auth.ui.idp.WelcomeBackIdpPrompt"
108-->[com.firebaseui:firebase-ui-auth:8.0.2] AndroidManifest.xml:64:13-76
109            android:exported="false"
109-->[com.firebaseui:firebase-ui-auth:8.0.2] AndroidManifest.xml:65:13-37
110            android:label="@string/fui_title_welcome_back_idp_prompt"
110-->[com.firebaseui:firebase-ui-auth:8.0.2] AndroidManifest.xml:66:13-70
111            android:windowSoftInputMode="adjustResize" />
111-->[com.firebaseui:firebase-ui-auth:8.0.2] AndroidManifest.xml:67:13-55
112        <activity
112-->[com.firebaseui:firebase-ui-auth:8.0.2] AndroidManifest.xml:68:9-72:58
113            android:name="com.firebase.ui.auth.ui.email.WelcomeBackPasswordPrompt"
113-->[com.firebaseui:firebase-ui-auth:8.0.2] AndroidManifest.xml:69:13-83
114            android:exported="false"
114-->[com.firebaseui:firebase-ui-auth:8.0.2] AndroidManifest.xml:70:13-37
115            android:label="@string/fui_title_welcome_back_password_prompt"
115-->[com.firebaseui:firebase-ui-auth:8.0.2] AndroidManifest.xml:71:13-75
116            android:windowSoftInputMode="adjustResize" />
116-->[com.firebaseui:firebase-ui-auth:8.0.2] AndroidManifest.xml:72:13-55
117        <activity
117-->[com.firebaseui:firebase-ui-auth:8.0.2] AndroidManifest.xml:73:9-77:58
118            android:name="com.firebase.ui.auth.ui.email.WelcomeBackEmailLinkPrompt"
118-->[com.firebaseui:firebase-ui-auth:8.0.2] AndroidManifest.xml:74:13-84
119            android:exported="false"
119-->[com.firebaseui:firebase-ui-auth:8.0.2] AndroidManifest.xml:75:13-37
120            android:label="@string/fui_title_welcome_back_password_prompt"
120-->[com.firebaseui:firebase-ui-auth:8.0.2] AndroidManifest.xml:76:13-75
121            android:windowSoftInputMode="adjustResize" />
121-->[com.firebaseui:firebase-ui-auth:8.0.2] AndroidManifest.xml:77:13-55
122        <activity
122-->[com.firebaseui:firebase-ui-auth:8.0.2] AndroidManifest.xml:78:9-83:58
123            android:name="com.firebase.ui.auth.ui.email.EmailLinkCatcherActivity"
123-->[com.firebaseui:firebase-ui-auth:8.0.2] AndroidManifest.xml:79:13-82
124            android:exported="false"
124-->[com.firebaseui:firebase-ui-auth:8.0.2] AndroidManifest.xml:80:13-37
125            android:label=""
125-->[com.firebaseui:firebase-ui-auth:8.0.2] AndroidManifest.xml:81:13-29
126            android:theme="@style/FirebaseUI.Transparent"
126-->[com.firebaseui:firebase-ui-auth:8.0.2] AndroidManifest.xml:82:13-58
127            android:windowSoftInputMode="adjustResize" />
127-->[com.firebaseui:firebase-ui-auth:8.0.2] AndroidManifest.xml:83:13-55
128        <activity
128-->[com.firebaseui:firebase-ui-auth:8.0.2] AndroidManifest.xml:84:9-88:58
129            android:name="com.firebase.ui.auth.ui.email.EmailLinkErrorRecoveryActivity"
129-->[com.firebaseui:firebase-ui-auth:8.0.2] AndroidManifest.xml:85:13-88
130            android:exported="false"
130-->[com.firebaseui:firebase-ui-auth:8.0.2] AndroidManifest.xml:86:13-37
131            android:label="@string/fui_sign_in_default"
131-->[com.firebaseui:firebase-ui-auth:8.0.2] AndroidManifest.xml:87:13-56
132            android:windowSoftInputMode="adjustResize" />
132-->[com.firebaseui:firebase-ui-auth:8.0.2] AndroidManifest.xml:88:13-55
133        <activity
133-->[com.firebaseui:firebase-ui-auth:8.0.2] AndroidManifest.xml:89:9-92:65
134            android:name="com.firebase.ui.auth.ui.idp.AuthMethodPickerActivity"
134-->[com.firebaseui:firebase-ui-auth:8.0.2] AndroidManifest.xml:90:13-80
135            android:exported="false"
135-->[com.firebaseui:firebase-ui-auth:8.0.2] AndroidManifest.xml:91:13-37
136            android:label="@string/fui_default_toolbar_title" />
136-->[com.firebaseui:firebase-ui-auth:8.0.2] AndroidManifest.xml:92:13-62
137        <activity
137-->[com.firebaseui:firebase-ui-auth:8.0.2] AndroidManifest.xml:93:9-97:48
138            android:name="com.facebook.FacebookActivity"
138-->[com.firebaseui:firebase-ui-auth:8.0.2] AndroidManifest.xml:94:13-57
139            android:configChanges="keyboard|keyboardHidden|screenLayout|screenSize|orientation"
139-->[com.firebaseui:firebase-ui-auth:8.0.2] AndroidManifest.xml:95:13-96
140            android:label="@string/app_name" />
140-->[com.firebaseui:firebase-ui-auth:8.0.2] AndroidManifest.xml:96:13-45
141        <activity
141-->[com.firebaseui:firebase-ui-auth:8.0.2] AndroidManifest.xml:98:9-110:20
142            android:name="com.facebook.CustomTabActivity"
142-->[com.firebaseui:firebase-ui-auth:8.0.2] AndroidManifest.xml:99:13-58
143            android:exported="true" >
143-->[com.firebaseui:firebase-ui-auth:8.0.2] AndroidManifest.xml:100:13-36
144            <intent-filter>
144-->[com.firebaseui:firebase-ui-auth:8.0.2] AndroidManifest.xml:102:13-109:29
145                <action android:name="android.intent.action.VIEW" />
145-->[com.firebaseui:firebase-ui-auth:8.0.2] AndroidManifest.xml:17:13-65
145-->[com.firebaseui:firebase-ui-auth:8.0.2] AndroidManifest.xml:17:21-62
146
147                <category android:name="android.intent.category.DEFAULT" />
147-->[com.firebaseui:firebase-ui-auth:8.0.2] AndroidManifest.xml:105:17-76
147-->[com.firebaseui:firebase-ui-auth:8.0.2] AndroidManifest.xml:105:27-73
148                <category android:name="android.intent.category.BROWSABLE" />
148-->[com.firebaseui:firebase-ui-auth:8.0.2] AndroidManifest.xml:19:13-74
148-->[com.firebaseui:firebase-ui-auth:8.0.2] AndroidManifest.xml:19:23-71
149
150                <data android:scheme="@string/facebook_login_protocol_scheme" />
150-->[com.firebaseui:firebase-ui-auth:8.0.2] AndroidManifest.xml:21:13-43
150-->[com.firebaseui:firebase-ui-auth:8.0.2] AndroidManifest.xml:21:19-40
151            </intent-filter>
152        </activity>
153
154        <provider
154-->[com.firebaseui:firebase-ui-auth:8.0.2] AndroidManifest.xml:112:9-116:38
155            android:name="com.firebase.ui.auth.data.client.AuthUiInitProvider"
155-->[com.firebaseui:firebase-ui-auth:8.0.2] AndroidManifest.xml:113:13-79
156            android:authorities="com.aitask.android.authuiinitprovider"
156-->[com.firebaseui:firebase-ui-auth:8.0.2] AndroidManifest.xml:114:13-70
157            android:exported="false"
157-->[com.firebaseui:firebase-ui-auth:8.0.2] AndroidManifest.xml:115:13-37
158            android:initOrder="90" />
158-->[com.firebaseui:firebase-ui-auth:8.0.2] AndroidManifest.xml:116:13-35
159
160        <service
160-->[androidx.credentials:credentials-play-services-auth:1.3.0] AndroidManifest.xml:24:9-32:19
161            android:name="androidx.credentials.playservices.CredentialProviderMetadataHolder"
161-->[androidx.credentials:credentials-play-services-auth:1.3.0] AndroidManifest.xml:25:13-94
162            android:enabled="true"
162-->[androidx.credentials:credentials-play-services-auth:1.3.0] AndroidManifest.xml:26:13-35
163            android:exported="false" >
163-->[androidx.credentials:credentials-play-services-auth:1.3.0] AndroidManifest.xml:27:13-37
164            <meta-data
164-->[androidx.credentials:credentials-play-services-auth:1.3.0] AndroidManifest.xml:29:13-31:104
165                android:name="androidx.credentials.CREDENTIAL_PROVIDER_KEY"
165-->[androidx.credentials:credentials-play-services-auth:1.3.0] AndroidManifest.xml:30:17-76
166                android:value="androidx.credentials.playservices.CredentialProviderPlayServicesImpl" />
166-->[androidx.credentials:credentials-play-services-auth:1.3.0] AndroidManifest.xml:31:17-101
167        </service>
168
169        <activity
169-->[androidx.credentials:credentials-play-services-auth:1.3.0] AndroidManifest.xml:34:9-41:20
170            android:name="androidx.credentials.playservices.HiddenActivity"
170-->[androidx.credentials:credentials-play-services-auth:1.3.0] AndroidManifest.xml:35:13-76
171            android:configChanges="orientation|screenSize|screenLayout|keyboardHidden"
171-->[androidx.credentials:credentials-play-services-auth:1.3.0] AndroidManifest.xml:36:13-87
172            android:enabled="true"
172-->[androidx.credentials:credentials-play-services-auth:1.3.0] AndroidManifest.xml:37:13-35
173            android:exported="false"
173-->[androidx.credentials:credentials-play-services-auth:1.3.0] AndroidManifest.xml:38:13-37
174            android:fitsSystemWindows="true"
174-->[androidx.credentials:credentials-play-services-auth:1.3.0] AndroidManifest.xml:39:13-45
175            android:theme="@style/Theme.Hidden" >
175-->[androidx.credentials:credentials-play-services-auth:1.3.0] AndroidManifest.xml:40:13-48
176        </activity>
177        <activity
177-->[com.google.android.gms:play-services-auth:20.7.0] AndroidManifest.xml:23:9-27:75
178            android:name="com.google.android.gms.auth.api.signin.internal.SignInHubActivity"
178-->[com.google.android.gms:play-services-auth:20.7.0] AndroidManifest.xml:24:13-93
179            android:excludeFromRecents="true"
179-->[com.google.android.gms:play-services-auth:20.7.0] AndroidManifest.xml:25:13-46
180            android:exported="false"
180-->[com.google.android.gms:play-services-auth:20.7.0] AndroidManifest.xml:26:13-37
181            android:theme="@android:style/Theme.Translucent.NoTitleBar" />
181-->[com.google.android.gms:play-services-auth:20.7.0] AndroidManifest.xml:27:13-72
182        <!--
183            Service handling Google Sign-In user revocation. For apps that do not integrate with
184            Google Sign-In, this service will never be started.
185        -->
186        <service
186-->[com.google.android.gms:play-services-auth:20.7.0] AndroidManifest.xml:33:9-37:51
187            android:name="com.google.android.gms.auth.api.signin.RevocationBoundService"
187-->[com.google.android.gms:play-services-auth:20.7.0] AndroidManifest.xml:34:13-89
188            android:exported="true"
188-->[com.google.android.gms:play-services-auth:20.7.0] AndroidManifest.xml:35:13-36
189            android:permission="com.google.android.gms.auth.api.signin.permission.REVOCATION_NOTIFICATION"
189-->[com.google.android.gms:play-services-auth:20.7.0] AndroidManifest.xml:36:13-107
190            android:visibleToInstantApps="true" />
190-->[com.google.android.gms:play-services-auth:20.7.0] AndroidManifest.xml:37:13-48
191
192        <activity
192-->[com.google.firebase:firebase-auth:22.3.1] AndroidManifest.xml:29:9-46:20
193            android:name="com.google.firebase.auth.internal.GenericIdpActivity"
193-->[com.google.firebase:firebase-auth:22.3.1] AndroidManifest.xml:30:13-80
194            android:excludeFromRecents="true"
194-->[com.google.firebase:firebase-auth:22.3.1] AndroidManifest.xml:31:13-46
195            android:exported="true"
195-->[com.google.firebase:firebase-auth:22.3.1] AndroidManifest.xml:32:13-36
196            android:launchMode="singleTask"
196-->[com.google.firebase:firebase-auth:22.3.1] AndroidManifest.xml:33:13-44
197            android:theme="@android:style/Theme.Translucent.NoTitleBar" >
197-->[com.google.firebase:firebase-auth:22.3.1] AndroidManifest.xml:34:13-72
198            <intent-filter>
198-->[com.google.firebase:firebase-auth:22.3.1] AndroidManifest.xml:35:13-45:29
199                <action android:name="android.intent.action.VIEW" />
199-->[com.firebaseui:firebase-ui-auth:8.0.2] AndroidManifest.xml:17:13-65
199-->[com.firebaseui:firebase-ui-auth:8.0.2] AndroidManifest.xml:17:21-62
200
201                <category android:name="android.intent.category.DEFAULT" />
201-->[com.firebaseui:firebase-ui-auth:8.0.2] AndroidManifest.xml:105:17-76
201-->[com.firebaseui:firebase-ui-auth:8.0.2] AndroidManifest.xml:105:27-73
202                <category android:name="android.intent.category.BROWSABLE" />
202-->[com.firebaseui:firebase-ui-auth:8.0.2] AndroidManifest.xml:19:13-74
202-->[com.firebaseui:firebase-ui-auth:8.0.2] AndroidManifest.xml:19:23-71
203
204                <data
204-->[com.firebaseui:firebase-ui-auth:8.0.2] AndroidManifest.xml:21:13-43
205                    android:host="firebase.auth"
206                    android:path="/"
207                    android:scheme="genericidp" />
207-->[com.firebaseui:firebase-ui-auth:8.0.2] AndroidManifest.xml:21:19-40
208            </intent-filter>
209        </activity>
210        <activity
210-->[com.google.firebase:firebase-auth:22.3.1] AndroidManifest.xml:47:9-64:20
211            android:name="com.google.firebase.auth.internal.RecaptchaActivity"
211-->[com.google.firebase:firebase-auth:22.3.1] AndroidManifest.xml:48:13-79
212            android:excludeFromRecents="true"
212-->[com.google.firebase:firebase-auth:22.3.1] AndroidManifest.xml:49:13-46
213            android:exported="true"
213-->[com.google.firebase:firebase-auth:22.3.1] AndroidManifest.xml:50:13-36
214            android:launchMode="singleTask"
214-->[com.google.firebase:firebase-auth:22.3.1] AndroidManifest.xml:51:13-44
215            android:theme="@android:style/Theme.Translucent.NoTitleBar" >
215-->[com.google.firebase:firebase-auth:22.3.1] AndroidManifest.xml:52:13-72
216            <intent-filter>
216-->[com.google.firebase:firebase-auth:22.3.1] AndroidManifest.xml:53:13-63:29
217                <action android:name="android.intent.action.VIEW" />
217-->[com.firebaseui:firebase-ui-auth:8.0.2] AndroidManifest.xml:17:13-65
217-->[com.firebaseui:firebase-ui-auth:8.0.2] AndroidManifest.xml:17:21-62
218
219                <category android:name="android.intent.category.DEFAULT" />
219-->[com.firebaseui:firebase-ui-auth:8.0.2] AndroidManifest.xml:105:17-76
219-->[com.firebaseui:firebase-ui-auth:8.0.2] AndroidManifest.xml:105:27-73
220                <category android:name="android.intent.category.BROWSABLE" />
220-->[com.firebaseui:firebase-ui-auth:8.0.2] AndroidManifest.xml:19:13-74
220-->[com.firebaseui:firebase-ui-auth:8.0.2] AndroidManifest.xml:19:23-71
221
222                <data
222-->[com.firebaseui:firebase-ui-auth:8.0.2] AndroidManifest.xml:21:13-43
223                    android:host="firebase.auth"
224                    android:path="/"
225                    android:scheme="recaptcha" />
225-->[com.firebaseui:firebase-ui-auth:8.0.2] AndroidManifest.xml:21:19-40
226            </intent-filter>
227        </activity>
228
229        <service
229-->[com.google.firebase:firebase-auth:22.3.1] AndroidManifest.xml:66:9-72:19
230            android:name="com.google.firebase.components.ComponentDiscoveryService"
230-->[com.google.firebase:firebase-auth:22.3.1] AndroidManifest.xml:67:13-84
231            android:directBootAware="true"
231-->[com.google.firebase:firebase-common:20.4.3] AndroidManifest.xml:32:13-43
232            android:exported="false" >
232-->[com.google.firebase:firebase-auth:22.3.1] AndroidManifest.xml:68:13-37
233            <meta-data
233-->[com.google.firebase:firebase-auth:22.3.1] AndroidManifest.xml:69:13-71:85
234                android:name="com.google.firebase.components:com.google.firebase.auth.FirebaseAuthRegistrar"
234-->[com.google.firebase:firebase-auth:22.3.1] AndroidManifest.xml:70:17-109
235                android:value="com.google.firebase.components.ComponentRegistrar" />
235-->[com.google.firebase:firebase-auth:22.3.1] AndroidManifest.xml:71:17-82
236            <meta-data
236-->[com.google.firebase:firebase-messaging:23.4.1] AndroidManifest.xml:57:13-59:85
237                android:name="com.google.firebase.components:com.google.firebase.messaging.FirebaseMessagingKtxRegistrar"
237-->[com.google.firebase:firebase-messaging:23.4.1] AndroidManifest.xml:58:17-122
238                android:value="com.google.firebase.components.ComponentRegistrar" />
238-->[com.google.firebase:firebase-messaging:23.4.1] AndroidManifest.xml:59:17-82
239            <meta-data
239-->[com.google.firebase:firebase-messaging:23.4.1] AndroidManifest.xml:60:13-62:85
240                android:name="com.google.firebase.components:com.google.firebase.messaging.FirebaseMessagingRegistrar"
240-->[com.google.firebase:firebase-messaging:23.4.1] AndroidManifest.xml:61:17-119
241                android:value="com.google.firebase.components.ComponentRegistrar" />
241-->[com.google.firebase:firebase-messaging:23.4.1] AndroidManifest.xml:62:17-82
242            <meta-data
242-->[com.google.firebase:firebase-database:20.3.1] AndroidManifest.xml:29:13-31:85
243                android:name="com.google.firebase.components:com.google.firebase.database.FirebaseDatabaseKtxRegistrar"
243-->[com.google.firebase:firebase-database:20.3.1] AndroidManifest.xml:30:17-120
244                android:value="com.google.firebase.components.ComponentRegistrar" />
244-->[com.google.firebase:firebase-database:20.3.1] AndroidManifest.xml:31:17-82
245            <meta-data
245-->[com.google.firebase:firebase-database:20.3.1] AndroidManifest.xml:32:13-34:85
246                android:name="com.google.firebase.components:com.google.firebase.database.DatabaseRegistrar"
246-->[com.google.firebase:firebase-database:20.3.1] AndroidManifest.xml:33:17-109
247                android:value="com.google.firebase.components.ComponentRegistrar" />
247-->[com.google.firebase:firebase-database:20.3.1] AndroidManifest.xml:34:17-82
248            <meta-data
248-->[com.google.firebase:firebase-installations:17.2.0] AndroidManifest.xml:15:13-17:85
249                android:name="com.google.firebase.components:com.google.firebase.installations.FirebaseInstallationsKtxRegistrar"
249-->[com.google.firebase:firebase-installations:17.2.0] AndroidManifest.xml:16:17-130
250                android:value="com.google.firebase.components.ComponentRegistrar" />
250-->[com.google.firebase:firebase-installations:17.2.0] AndroidManifest.xml:17:17-82
251            <meta-data
251-->[com.google.firebase:firebase-installations:17.2.0] AndroidManifest.xml:18:13-20:85
252                android:name="com.google.firebase.components:com.google.firebase.installations.FirebaseInstallationsRegistrar"
252-->[com.google.firebase:firebase-installations:17.2.0] AndroidManifest.xml:19:17-127
253                android:value="com.google.firebase.components.ComponentRegistrar" />
253-->[com.google.firebase:firebase-installations:17.2.0] AndroidManifest.xml:20:17-82
254            <meta-data
254-->[com.google.firebase:firebase-common-ktx:20.4.3] AndroidManifest.xml:12:13-14:85
255                android:name="com.google.firebase.components:com.google.firebase.ktx.FirebaseCommonLegacyRegistrar"
255-->[com.google.firebase:firebase-common-ktx:20.4.3] AndroidManifest.xml:13:17-116
256                android:value="com.google.firebase.components.ComponentRegistrar" />
256-->[com.google.firebase:firebase-common-ktx:20.4.3] AndroidManifest.xml:14:17-82
257            <meta-data
257-->[com.google.firebase:firebase-common:20.4.3] AndroidManifest.xml:35:13-37:85
258                android:name="com.google.firebase.components:com.google.firebase.FirebaseCommonKtxRegistrar"
258-->[com.google.firebase:firebase-common:20.4.3] AndroidManifest.xml:36:17-109
259                android:value="com.google.firebase.components.ComponentRegistrar" />
259-->[com.google.firebase:firebase-common:20.4.3] AndroidManifest.xml:37:17-82
260            <meta-data
260-->[com.google.firebase:firebase-datatransport:18.1.7] AndroidManifest.xml:27:13-29:85
261                android:name="com.google.firebase.components:com.google.firebase.datatransport.TransportRegistrar"
261-->[com.google.firebase:firebase-datatransport:18.1.7] AndroidManifest.xml:28:17-115